<?xml version="1.0" encoding="UTF-8"?>
<!-- Generated by org.testng.reporters.JUnitXMLReporter -->
<testsuite ignored="0" hostname="DESKTOP-VJBN2AA" failures="1" tests="2" name="Test1" time="0.034" errors="0" timestamp="2023-11-11T17:22:02 IST">
  <testcase classname="ProjectPackage.FirstLaunchClass" name="setup" time="0.001"/>
  <testcase classname="ProjectPackage.Homepage" name="launch" time="0.022">
    <failure type="java.lang.AssertionError" message="expected [Online Shopping Site for Fashion, Electronics, Home &amp;amp; More | Meesho] but found []">
      <![CDATA[java.lang.AssertionError: expected [Online Shopping Site for Fashion, Electronics, Home & More | Meesho] but found []
at ProjectPackage.Homepage.launch(Homepage.java:28)
at java.base/java.util.ArrayList.forEach(ArrayList.java:1511)
... Removed 33 stack frames]]>
    </failure>
  </testcase> <!-- launch -->
</testsuite> <!-- Test1 -->
