<?xml version="1.0" encoding="UTF-8"?>
<!-- Generated by org.testng.reporters.JUnitXMLReporter -->
<testsuite ignored="0" hostname="DESKTOP-VJBN2AA" failures="1" tests="2" name="Test" time="21.009" errors="0" timestamp="2023-11-13T18:39:57 IST">
  <testcase classname="ProjectPackage.AddToCartButton" name="AddCart" time="0.015">
    <failure type="java.lang.NullPointerException" message="Cannot invoke &amp;quot;org.openqa.selenium.WebDriver.get(String)&amp;quot; because &amp;quot;this.driver&amp;quot; is null">
      <![CDATA[java.lang.NullPointerException: Cannot invoke "org.openqa.selenium.WebDriver.get(String)" because "this.driver" is null
at ProjectPackage.AddToCartButton.AddCart(AddToCartButton.java:12)
at java.base/java.util.ArrayList.forEach(ArrayList.java:1511)
... Removed 27 stack frames]]>
    </failure>
  </testcase> <!-- AddCart -->
  <testcase classname="ProjectPackage.FirstLaunchClass" name="OpenBrowser" time="20.904"/>
</testsuite> <!-- Test -->
