<?xml version="1.0" encoding="UTF-8"?>
<testng-results ignored="0" total="2" passed="2" failed="0" skipped="0">
  <reporter-output>
  </reporter-output>
  <suite started-at="2023-11-20T12:38:21 IST" name="Default suite" finished-at="2023-11-20T12:38:47 IST" duration-ms="25226">
    <groups>
    </groups>
    <test started-at="2023-11-20T12:38:21 IST" name="Default test" finished-at="2023-11-20T12:38:47 IST" duration-ms="25226">
      <class name="ProjectPackage.TermsAndCondition">
        <test-method signature="OpenBrowser(java.lang.String)[pri:0, instance:ProjectPackage.TermsAndCondition@213e3629]" started-at="2023-11-20T12:38:22 IST" name="OpenBrowser" finished-at="2023-11-20T12:38:27 IST" duration-ms="5833" status="PASS">
          <params>
            <param index="0">
              <value is-null="true"/>
            </param>
          </params>
          <reporter-output>
          </reporter-output>
        </test-method> <!-- OpenBrowser -->
        <test-method signature="terms_condition()[pri:0, instance:ProjectPackage.TermsAndCondition@213e3629]" started-at="2023-11-20T12:38:27 IST" name="terms_condition" finished-at="2023-11-20T12:38:47 IST" duration-ms="19254" status="PASS">
          <reporter-output>
          </reporter-output>
        </test-method> <!-- terms_condition -->
      </class> <!-- ProjectPackage.TermsAndCondition -->
    </test> <!-- Default test -->
  </suite> <!-- Default suite -->
</testng-results>
